<?xml version="1.0" encoding="UTF-8"?>
<!-- Generated by org.testng.reporters.JUnitXMLReporter -->
<testsuite hostname="Mevlut" ignored="0" name="Default test" tests="3" failures="0" timestamp="2021-08-25T11:59:20 CDT" time="11.295" errors="0">
  <testcase name="doLogin" time="6.261" classname="com.retailapp.tests.LoginTest"/>
  <testcase name="doLogin" time="0.044" classname="com.retailapp.tests.LoginTest"/>
  <testcase name="doLogin" time="0.05" classname="com.retailapp.tests.LoginTest"/>
</testsuite> <!-- Default test -->
