<?xml version="1.0" encoding="UTF-8"?>
<!-- Generated by org.testng.reporters.JUnitXMLReporter -->
<testsuite hostname="Mevlut" ignored="0" name="AddCategory" tests="3" failures="0" timestamp="2021-08-25T12:04:25 CDT" time="0.474" errors="0">
  <testcase name="addCat" time="0.232" classname="com.retailapp.tests.AddCategory"/>
  <testcase name="addCat" time="0.044" classname="com.retailapp.tests.AddCategory"/>
  <testcase name="addCat" time="0.051" classname="com.retailapp.tests.AddCategory"/>
</testsuite> <!-- AddCategory -->
