<?xml version="1.0" encoding="UTF-8"?>
<!-- Generated by org.testng.reporters.JUnitXMLReporter -->
<testsuite hostname="Mevlut" ignored="0" name="LoginTest" tests="3" failures="0" timestamp="2021-08-25T12:04:25 CDT" time="4.968" errors="0">
  <testcase name="doLogin" time="2.588" classname="com.retailapp.tests.LoginTest"/>
  <testcase name="doLogin" time="0.041" classname="com.retailapp.tests.LoginTest"/>
  <testcase name="doLogin" time="0.049" classname="com.retailapp.tests.LoginTest"/>
</testsuite> <!-- LoginTest -->
